<?xml version="1.0" encoding="UTF-8"?>
<testng-results ignored="0" total="1" passed="1" failed="0" skipped="0">
  <reporter-output>
  </reporter-output>
  <suite started-at="2026-01-29T18:31:24 CST" name="Default suite" finished-at="2026-01-29T18:31:33 CST" duration-ms="9148">
    <groups>
    </groups>
    <test started-at="2026-01-29T18:31:24 CST" name="Default test" finished-at="2026-01-29T18:31:33 CST" duration-ms="9148">
      <class name="com.automation.tests.LoginTest">
        <test-method is-config="true" signature="setup()[pri:0, instance:com.automation.tests.LoginTest@7d8704ef]" started-at="2026-01-29T18:31:24 CST" name="setup" finished-at="2026-01-29T18:31:31 CST" duration-ms="7494" status="PASS">
          <reporter-output>
          </reporter-output>
        </test-method> <!-- setup -->
        <test-method signature="validLoginTest()[pri:0, instance:com.automation.tests.LoginTest@7d8704ef]" started-at="2026-01-29T18:31:31 CST" name="validLoginTest" finished-at="2026-01-29T18:31:32 CST" duration-ms="1055" status="PASS">
          <reporter-output>
          </reporter-output>
        </test-method> <!-- validLoginTest -->
        <test-method is-config="true" signature="tearDown()[pri:0, instance:com.automation.tests.LoginTest@7d8704ef]" started-at="2026-01-29T18:31:32 CST" name="tearDown" finished-at="2026-01-29T18:31:33 CST" duration-ms="487" status="PASS">
          <reporter-output>
          </reporter-output>
        </test-method> <!-- tearDown -->
      </class> <!-- com.automation.tests.LoginTest -->
    </test> <!-- Default test -->
  </suite> <!-- Default suite -->
</testng-results>
